mode: set
github.com/bygui86/go-interfaces/no_interface/foo.go:9.25,12.16 3 1
github.com/bygui86/go-interfaces/no_interface/foo.go:16.2,16.31 1 1
github.com/bygui86/go-interfaces/no_interface/foo.go:19.2,19.12 1 1
github.com/bygui86/go-interfaces/no_interface/foo.go:12.16,14.3 1 0
github.com/bygui86/go-interfaces/no_interface/foo.go:16.31,18.3 1 0
github.com/bygui86/go-interfaces/with_interface/foo.go:11.55,13.16 2 1
github.com/bygui86/go-interfaces/with_interface/foo.go:17.2,17.31 1 1
github.com/bygui86/go-interfaces/with_interface/foo.go:20.2,20.12 1 1
github.com/bygui86/go-interfaces/with_interface/foo.go:13.16,15.3 1 1
github.com/bygui86/go-interfaces/with_interface/foo.go:17.31,19.3 1 1
